Chat_GPT_App/app/build/intermediates/manifest_merge_blame_file/debug/manifest-merger-blame-debug-report.txt
1<?xml version="1.0" encoding="utf-8"?>
2<manifest xmlns:android="http://schemas.android.com/apk/res/android"
3    package="com.example.chatgpt"
4    android:versionCode="1"
5    android:versionName="1.0" >
6
7    <uses-sdk
8        android:minSdkVersion="24"
8-->src\main\AndroidManifest.xml
9        android:targetSdkVersion="33" />
9-->src\main\AndroidManifest.xml
10
11    <uses-permission android:name="android.permission.INTERNET" />
11-->src\main\AndroidManifest.xml:34:5-67
11-->src\main\AndroidManifest.xml:34:22-64
12    <uses-permission android:name="android.permission.ACCESS_NETWORK_STATE" />
12-->src\main\AndroidManifest.xml:35:5-79
12-->src\main\AndroidManifest.xml:35:22-76
13
14    <permission
14-->[androidx.core:core:1.9.0] AndroidManifest.xml:22:5-24:47
15        android:name="com.example.chatgpt.DYNAMIC_RECEIVER_NOT_EXPORTED_PERMISSION"
15-->[androidx.core:core:1.9.0] AndroidManifest.xml:23:9-81
16        android:protectionLevel="signature" />
16-->[androidx.core:core:1.9.0] AndroidManifest.xml:24:9-44
17
18    <uses-permission android:name="com.example.chatgpt.DYNAMIC_RECEIVER_NOT_EXPORTED_PERMISSION" />
18-->[androidx.core:core:1.9.0] AndroidManifest.xml:26:5-97
18-->[androidx.core:core:1.9.0] AndroidManifest.xml:26:22-94
19
20    <application
20-->src\main\AndroidManifest.xml:6:5-33:19
21        android:allowBackup="true"
21-->src\main\AndroidManifest.xml:9:9-35
22        android:appComponentFactory="androidx.core.app.CoreComponentFactory"
22-->[androidx.core:core:1.9.0] AndroidManifest.xml:28:18-86
23        android:dataExtractionRules="@xml/data_extraction_rules"
23-->src\main\AndroidManifest.xml:10:9-65
24        android:debuggable="true"
25        android:extractNativeLibs="false"
26        android:fullBackupContent="@xml/backup_rules"
26-->src\main\AndroidManifest.xml:11:9-54
27        android:icon="@mipmap/ic_launcher"
27-->src\main\AndroidManifest.xml:12:9-43
28        android:label="@string/app_name"
28-->src\main\AndroidManifest.xml:13:9-41
29        android:networkSecurityConfig="@xml/network_security_config"
29-->src\main\AndroidManifest.xml:8:9-69
30        android:supportsRtl="true"
30-->src\main\AndroidManifest.xml:14:9-35
31        android:testOnly="true"
32        android:theme="@style/Theme.ChatGpt"
32-->src\main\AndroidManifest.xml:15:9-45
33        android:usesCleartextTraffic="true" >
33-->src\main\AndroidManifest.xml:7:9-44
34        <activity
34-->src\main\AndroidManifest.xml:17:9-19:40
35            android:name="com.example.chatgpt.LoginActivity"
35-->src\main\AndroidManifest.xml:18:13-42
36            android:exported="false" />
36-->src\main\AndroidManifest.xml:19:13-37
37        <activity
37-->src\main\AndroidManifest.xml:20:9-28:20
38            android:name="com.example.chatgpt.SignupActivity"
38-->src\main\AndroidManifest.xml:21:13-43
39            android:exported="true" >
39-->src\main\AndroidManifest.xml:22:13-36
40            <intent-filter>
40-->src\main\AndroidManifest.xml:23:13-27:29
41                <action android:name="android.intent.action.MAIN" />
41-->src\main\AndroidManifest.xml:24:17-69
41-->src\main\AndroidManifest.xml:24:25-66
42
43                <category android:name="android.intent.category.LAUNCHER" />
43-->src\main\AndroidManifest.xml:26:17-77
43-->src\main\AndroidManifest.xml:26:27-74
44            </intent-filter>
45        </activity>
46        <activity
46-->src\main\AndroidManifest.xml:29:9-32:20
47            android:name="com.example.chatgpt.MainActivity"
47-->src\main\AndroidManifest.xml:30:13-41
48            android:exported="false" >
48-->src\main\AndroidManifest.xml:31:13-37
49        </activity>
50        <activity
50-->[com.google.firebase:firebase-auth:22.1.1] AndroidManifest.xml:29:9-46:20
51            android:name="com.google.firebase.auth.internal.GenericIdpActivity"
51-->[com.google.firebase:firebase-auth:22.1.1] AndroidManifest.xml:30:13-80
52            android:excludeFromRecents="true"
52-->[com.google.firebase:firebase-auth:22.1.1] AndroidManifest.xml:31:13-46
53            android:exported="true"
53-->[com.google.firebase:firebase-auth:22.1.1] AndroidManifest.xml:32:13-36
54            android:launchMode="singleTask"
54-->[com.google.firebase:firebase-auth:22.1.1] AndroidManifest.xml:33:13-44
55            android:theme="@android:style/Theme.Translucent.NoTitleBar" >
55-->[com.google.firebase:firebase-auth:22.1.1] AndroidManifest.xml:34:13-72
56            <intent-filter>
56-->[com.google.firebase:firebase-auth:22.1.1] AndroidManifest.xml:35:13-45:29
57                <action android:name="android.intent.action.VIEW" />
57-->[com.google.firebase:firebase-auth:22.1.1] AndroidManifest.xml:36:17-69
57-->[com.google.firebase:firebase-auth:22.1.1] AndroidManifest.xml:36:25-66
58
59                <category android:name="android.intent.category.DEFAULT" />
59-->[com.google.firebase:firebase-auth:22.1.1] AndroidManifest.xml:38:17-76
59-->[com.google.firebase:firebase-auth:22.1.1] AndroidManifest.xml:38:27-73
60                <category android:name="android.intent.category.BROWSABLE" />
60-->[com.google.firebase:firebase-auth:22.1.1] AndroidManifest.xml:39:17-78
60-->[com.google.firebase:firebase-auth:22.1.1] AndroidManifest.xml:39:27-75
61
62                <data
62-->[com.google.firebase:firebase-auth:22.1.1] AndroidManifest.xml:41:17-44:51
63                    android:host="firebase.auth"
63-->[com.google.firebase:firebase-auth:22.1.1] AndroidManifest.xml:42:21-49
64                    android:path="/"
64-->[com.google.firebase:firebase-auth:22.1.1] AndroidManifest.xml:43:21-37
65                    android:scheme="genericidp" />
65-->[com.google.firebase:firebase-auth:22.1.1] AndroidManifest.xml:44:21-48
66            </intent-filter>
67        </activity>
68        <activity
68-->[com.google.firebase:firebase-auth:22.1.1] AndroidManifest.xml:47:9-64:20
69            android:name="com.google.firebase.auth.internal.RecaptchaActivity"
69-->[com.google.firebase:firebase-auth:22.1.1] AndroidManifest.xml:48:13-79
70            android:excludeFromRecents="true"
70-->[com.google.firebase:firebase-auth:22.1.1] AndroidManifest.xml:49:13-46
71            android:exported="true"
71-->[com.google.firebase:firebase-auth:22.1.1] AndroidManifest.xml:50:13-36
72            android:launchMode="singleTask"
72-->[com.google.firebase:firebase-auth:22.1.1] AndroidManifest.xml:51:13-44
73            android:theme="@android:style/Theme.Translucent.NoTitleBar" >
73-->[com.google.firebase:firebase-auth:22.1.1] AndroidManifest.xml:52:13-72
74            <intent-filter>
74-->[com.google.firebase:firebase-auth:22.1.1] AndroidManifest.xml:53:13-63:29
75                <action android:name="android.intent.action.VIEW" />
75-->[com.google.firebase:firebase-auth:22.1.1] AndroidManifest.xml:36:17-69
75-->[com.google.firebase:firebase-auth:22.1.1] AndroidManifest.xml:36:25-66
76
77                <category android:name="android.intent.category.DEFAULT" />
77-->[com.google.firebase:firebase-auth:22.1.1] AndroidManifest.xml:38:17-76
77-->[com.google.firebase:firebase-auth:22.1.1] AndroidManifest.xml:38:27-73
78                <category android:name="android.intent.category.BROWSABLE" />
78-->[com.google.firebase:firebase-auth:22.1.1] AndroidManifest.xml:39:17-78
78-->[com.google.firebase:firebase-auth:22.1.1] AndroidManifest.xml:39:27-75
79
80                <data
80-->[com.google.firebase:firebase-auth:22.1.1] AndroidManifest.xml:41:17-44:51
81                    android:host="firebase.auth"
81-->[com.google.firebase:firebase-auth:22.1.1] AndroidManifest.xml:42:21-49
82                    android:path="/"
82-->[com.google.firebase:firebase-auth:22.1.1] AndroidManifest.xml:43:21-37
83                    android:scheme="recaptcha" />
83-->[com.google.firebase:firebase-auth:22.1.1] AndroidManifest.xml:44:21-48
84            </intent-filter>
85        </activity>
86
87        <service
87-->[com.google.firebase:firebase-auth:22.1.1] AndroidManifest.xml:66:9-72:19
88            android:name="com.google.firebase.components.ComponentDiscoveryService"
88-->[com.google.firebase:firebase-auth:22.1.1] AndroidManifest.xml:67:13-84
89            android:directBootAware="true"
89-->[com.google.firebase:firebase-common:20.3.2] AndroidManifest.xml:34:13-43
90            android:exported="false" >
90-->[com.google.firebase:firebase-auth:22.1.1] AndroidManifest.xml:68:13-37
91            <meta-data
91-->[com.google.firebase:firebase-auth:22.1.1] AndroidManifest.xml:69:13-71:85
92                android:name="com.google.firebase.components:com.google.firebase.auth.FirebaseAuthRegistrar"
92-->[com.google.firebase:firebase-auth:22.1.1] AndroidManifest.xml:70:17-109
93                android:value="com.google.firebase.components.ComponentRegistrar" />
93-->[com.google.firebase:firebase-auth:22.1.1] AndroidManifest.xml:71:17-82
94            <meta-data
94-->[com.google.firebase:firebase-database-ktx:20.2.2] AndroidManifest.xml:14:13-16:85
95                android:name="com.google.firebase.components:com.google.firebase.database.ktx.FirebaseDatabaseKtxRegistrar"
95-->[com.google.firebase:firebase-database-ktx:20.2.2] AndroidManifest.xml:15:17-124
96                android:value="com.google.firebase.components.ComponentRegistrar" />
96-->[com.google.firebase:firebase-database-ktx:20.2.2] AndroidManifest.xml:16:17-82
97            <meta-data
97-->[com.google.firebase:firebase-database:20.2.2] AndroidManifest.xml:31:13-33:85
98                android:name="com.google.firebase.components:com.google.firebase.database.DatabaseRegistrar"
98-->[com.google.firebase:firebase-database:20.2.2] AndroidManifest.xml:32:17-109
99                android:value="com.google.firebase.components.ComponentRegistrar" />
99-->[com.google.firebase:firebase-database:20.2.2] AndroidManifest.xml:33:17-82
100            <meta-data
100-->[com.google.firebase:firebase-common-ktx:20.3.2] AndroidManifest.xml:14:13-16:85
101                android:name="com.google.firebase.components:com.google.firebase.ktx.FirebaseCommonKtxRegistrar"
101-->[com.google.firebase:firebase-common-ktx:20.3.2] AndroidManifest.xml:15:17-113
102                android:value="com.google.firebase.components.ComponentRegistrar" />
102-->[com.google.firebase:firebase-common-ktx:20.3.2] AndroidManifest.xml:16:17-82
103        </service>
104
105        <provider
105-->[com.google.firebase:firebase-common:20.3.2] AndroidManifest.xml:25:9-30:39
106            android:name="com.google.firebase.provider.FirebaseInitProvider"
106-->[com.google.firebase:firebase-common:20.3.2] AndroidManifest.xml:26:13-77
107            android:authorities="com.example.chatgpt.firebaseinitprovider"
107-->[com.google.firebase:firebase-common:20.3.2] AndroidManifest.xml:27:13-72
108            android:directBootAware="true"
108-->[com.google.firebase:firebase-common:20.3.2] AndroidManifest.xml:28:13-43
109            android:exported="false"
109-->[com.google.firebase:firebase-common:20.3.2] AndroidManifest.xml:29:13-37
110            android:initOrder="100" />
110-->[com.google.firebase:firebase-common:20.3.2] AndroidManifest.xml:30:13-36
111
112        <activity
112-->[com.google.android.gms:play-services-base:18.1.0] AndroidManifest.xml:20:9-22:45
113            android:name="com.google.android.gms.common.api.GoogleApiActivity"
113-->[com.google.android.gms:play-services-base:18.1.0] AndroidManifest.xml:20:19-85
114            android:exported="false"
114-->[com.google.android.gms:play-services-base:18.1.0] AndroidManifest.xml:22:19-43
115            android:theme="@android:style/Theme.Translucent.NoTitleBar" />
115-->[com.google.android.gms:play-services-base:18.1.0] AndroidManifest.xml:21:19-78
116
117        <meta-data
117-->[com.google.android.gms:play-services-basement:18.1.0] AndroidManifest.xml:21:9-23:69
118            android:name="com.google.android.gms.version"
118-->[com.google.android.gms:play-services-basement:18.1.0] AndroidManifest.xml:22:13-58
119            android:value="@integer/google_play_services_version" />
119-->[com.google.android.gms:play-services-basement:18.1.0] AndroidManifest.xml:23:13-66
120
121        <provider
121-->[androidx.emoji2:emoji2:1.2.0] AndroidManifest.xml:24:9-32:20
122            android:name="androidx.startup.InitializationProvider"
122-->[androidx.emoji2:emoji2:1.2.0] AndroidManifest.xml:25:13-67
123            android:authorities="com.example.chatgpt.androidx-startup"
123-->[androidx.emoji2:emoji2:1.2.0] AndroidManifest.xml:26:13-68
124            android:exported="false" >
124-->[androidx.emoji2:emoji2:1.2.0] AndroidManifest.xml:27:13-37
125            <meta-data
125-->[androidx.emoji2:emoji2:1.2.0] AndroidManifest.xml:29:13-31:52
126                android:name="androidx.emoji2.text.EmojiCompatInitializer"
126-->[androidx.emoji2:emoji2:1.2.0] AndroidManifest.xml:30:17-75
127                android:value="androidx.startup" />
127-->[androidx.emoji2:emoji2:1.2.0] AndroidManifest.xml:31:17-49
128            <meta-data
128-->[androidx.lifecycle:lifecycle-process:2.4.1] AndroidManifest.xml:31:13-33:52
129                android:name="androidx.lifecycle.ProcessLifecycleInitializer"
129-->[androidx.lifecycle:lifecycle-process:2.4.1] AndroidManifest.xml:32:17-78
130                android:value="androidx.startup" />
130-->[androidx.lifecycle:lifecycle-process:2.4.1] AndroidManifest.xml:33:17-49
131        </provider>
132    </application>
133
134</manifest>